ERROR StackTrace - Full Stack Trace:
org.grails.taglib.GrailsTagException: [views/template/login.gsp:67] [views/template/login.gsp:67] Tag [remoteFunction] does not exist. No tag library found for namespace: g
	at org.grails.gsp.GroovyPage.throwRootCause(GroovyPage.java:440)
	at org.grails.gsp.GroovyPage.invokeTag(GroovyPage.java:386)
	at sun.reflect.GeneratedMethodAccessor115.invoke(Unknown Source)
	at sun.reflect.DelegatingMethodAccessorImpl.invoke(DelegatingMethodAccessorImpl.java:43)
	at java.lang.reflect.Method.invoke(Method.java:498)
	at org.springsource.loaded.ri.ReflectiveInterceptor.jlrMethodInvoke(ReflectiveInterceptor.java:1432)
	at org.codehaus.groovy.reflection.CachedMethod.invoke(CachedMethod.java:93)
	at groovy.lang.MetaMethod.doMethodInvoke(MetaMethod.java:325)
	at org.codehaus.groovy.runtime.metaclass.ClosureMetaClass.invokeMethod(ClosureMetaClass.java:384)
	at groovy.lang.MetaClassImpl.invokeMethod(MetaClassImpl.java:1024)
	at org.codehaus.groovy.runtime.callsite.PogoMetaClassSite.callCurrent(PogoMetaClassSite.java:69)
	at org.codehaus.groovy.runtime.callsite.CallSiteArray.defaultCallCurrent(CallSiteArray.java:52)
	at org.codehaus.groovy.runtime.callsite.AbstractCallSite.callCurrent(AbstractCallSite.java:154)
	at home_felipe_Documents_git_use_modelagem_Prototipo_Grails_grails_app_views_template_login_gsp$_run_closure2.doCall(home_felipe_Documents_git_use_modelagem_Prototipo_Grails_grails_app_views_template_login_gsp:37)
	at sun.reflect.NativeMethodAccessorImpl.invoke0(Native Method)
	at sun.reflect.NativeMethodAccessorImpl.invoke(NativeMethodAccessorImpl.java:62)
	at sun.reflect.DelegatingMethodAccessorImpl.invoke(DelegatingMethodAccessorImpl.java:43)
	at java.lang.reflect.Method.invoke(Method.java:498)
	at org.springsource.loaded.ri.ReflectiveInterceptor.jlrMethodInvoke(ReflectiveInterceptor.java:1432)
	at org.codehaus.groovy.reflection.CachedMethod.invoke(CachedMethod.java:93)
	at groovy.lang.MetaMethod.doMethodInvoke(MetaMethod.java:325)
	at org.codehaus.groovy.runtime.metaclass.ClosureMetaClass.invokeMethod(ClosureMetaClass.java:294)
	at groovy.lang.MetaClassImpl.invokeMethod(MetaClassImpl.java:1024)
	at groovy.lang.Closure.call(Closure.java:414)
	at groovy.lang.Closure.call(Closure.java:408)
	at org.grails.taglib.TagBodyClosure.executeClosure(TagBodyClosure.java:200)
	at org.grails.taglib.TagBodyClosure.captureClosureOutput(TagBodyClosure.java:102)
	at org.grails.taglib.TagBodyClosure.call(TagBodyClosure.java:213)
	at org.grails.plugins.web.taglib.SitemeshTagLib.captureTagContent(SitemeshTagLib.groovy:48)
	at org.grails.plugins.web.taglib.SitemeshTagLib.captureTagContent(SitemeshTagLib.groovy)
	at org.grails.plugins.web.taglib.SitemeshTagLib$_closure3.doCall(SitemeshTagLib.groovy:156)
	at sun.reflect.NativeMethodAccessorImpl.invoke0(Native Method)
	at sun.reflect.NativeMethodAccessorImpl.invoke(NativeMethodAccessorImpl.java:62)
	at sun.reflect.DelegatingMethodAccessorImpl.invoke(DelegatingMethodAccessorImpl.java:43)
	at java.lang.reflect.Method.invoke(Method.java:498)
	at org.springsource.loaded.ri.ReflectiveInterceptor.jlrMethodInvoke(ReflectiveInterceptor.java:1432)
	at org.codehaus.groovy.reflection.CachedMethod.invoke(CachedMethod.java:93)
	at groovy.lang.MetaMethod.doMethodInvoke(MetaMethod.java:325)
	at org.codehaus.groovy.runtime.metaclass.ClosureMetaClass.invokeMethod(ClosureMetaClass.java:294)
	at groovy.lang.MetaClassImpl.invokeMethod(MetaClassImpl.java:1024)
	at groovy.lang.Closure.call(Closure.java:414)
	at org.grails.gsp.GroovyPage.invokeTagLibClosure(GroovyPage.java:417)
	at org.grails.gsp.GroovyPage.invokeTag(GroovyPage.java:335)
	at org.grails.gsp.GroovyPage$invokeTag$4.callCurrent(Unknown Source)
	at org.codehaus.groovy.runtime.callsite.CallSiteArray.defaultCallCurrent(CallSiteArray.java:52)
	at org.codehaus.groovy.runtime.callsite.AbstractCallSite.callCurrent(AbstractCallSite.java:154)
	at home_felipe_Documents_git_use_modelagem_Prototipo_Grails_grails_app_views_template_login_gsp.run(home_felipe_Documents_git_use_modelagem_Prototipo_Grails_grails_app_views_template_login_gsp:40)
	at org.grails.gsp.GroovyPageWritable.doWriteTo(GroovyPageWritable.java:162)
	at org.grails.gsp.GroovyPageWritable.writeTo(GroovyPageWritable.java:82)
	at org.grails.web.servlet.view.GroovyPageView.renderTemplate(GroovyPageView.java:76)
	at org.grails.web.servlet.view.AbstractGrailsView.renderWithinGrailsWebRequest(AbstractGrailsView.java:71)
	at org.grails.web.servlet.view.AbstractGrailsView.renderMergedOutputModel(AbstractGrailsView.java:55)
	at org.springframework.web.servlet.view.AbstractView.render(AbstractView.java:303)
	at org.grails.web.sitemesh.GrailsLayoutView.renderInnerView(GrailsLayoutView.java:150)
	at org.grails.web.sitemesh.GrailsLayoutView.obtainContent(GrailsLayoutView.java:128)
	at org.grails.web.sitemesh.GrailsLayoutView.renderTemplate(GrailsLayoutView.java:63)
	at org.grails.web.servlet.view.AbstractGrailsView.renderWithinGrailsWebRequest(AbstractGrailsView.java:71)
	at org.grails.web.servlet.view.AbstractGrailsView.renderMergedOutputModel(AbstractGrailsView.java:55)
	at org.springframework.web.servlet.view.AbstractView.render(AbstractView.java:303)
	at org.springframework.web.servlet.DispatcherServlet.render(DispatcherServlet.java:1257)
	at org.springframework.web.servlet.DispatcherServlet.processDispatchResult(DispatcherServlet.java:1037)
	at org.springframework.web.servlet.DispatcherServlet.doDispatch(DispatcherServlet.java:980)
	at org.springframework.web.servlet.DispatcherServlet.doService(DispatcherServlet.java:897)
	at org.springframework.web.servlet.FrameworkServlet.processRequest(FrameworkServlet.java:970)
	at org.springframework.web.servlet.FrameworkServlet.doGet(FrameworkServlet.java:861)
	at javax.servlet.http.HttpServlet.service(HttpServlet.java:622)
	at org.springframework.web.servlet.FrameworkServlet.service(FrameworkServlet.java:846)
	at javax.servlet.http.HttpServlet.service(HttpServlet.java:729)
	at org.apache.catalina.core.ApplicationFilterChain.internalDoFilter(ApplicationFilterChain.java:230)
	at org.apache.catalina.core.ApplicationFilterChain.doFilter(ApplicationFilterChain.java:165)
	at org.apache.tomcat.websocket.server.WsFilter.doFilter(WsFilter.java:52)
	at org.apache.catalina.core.ApplicationFilterChain.internalDoFilter(ApplicationFilterChain.java:192)
	at org.apache.catalina.core.ApplicationFilterChain.doFilter(ApplicationFilterChain.java:165)
	at org.springframework.boot.web.filter.ApplicationContextHeaderFilter.doFilterInternal(ApplicationContextHeaderFilter.java:55)
	at org.springframework.web.filter.OncePerRequestFilter.doFilter(OncePerRequestFilter.java:107)
	at org.apache.catalina.core.ApplicationFilterChain.internalDoFilter(ApplicationFilterChain.java:192)
	at org.apache.catalina.core.ApplicationFilterChain.doFilter(ApplicationFilterChain.java:165)
	at org.springframework.boot.actuate.trace.WebRequestTraceFilter.doFilterInternal(WebRequestTraceFilter.java:105)
	at org.springframework.web.filter.OncePerRequestFilter.doFilter(OncePerRequestFilter.java:107)
	at org.apache.catalina.core.ApplicationFilterChain.internalDoFilter(ApplicationFilterChain.java:192)
	at org.apache.catalina.core.ApplicationFilterChain.doFilter(ApplicationFilterChain.java:165)
	at org.grails.web.servlet.mvc.GrailsWebRequestFilter.doFilterInternal(GrailsWebRequestFilter.java:77)
	at org.springframework.web.filter.OncePerRequestFilter.doFilter(OncePerRequestFilter.java:107)
	at org.apache.catalina.core.ApplicationFilterChain.internalDoFilter(ApplicationFilterChain.java:192)
	at org.apache.catalina.core.ApplicationFilterChain.doFilter(ApplicationFilterChain.java:165)
	at org.grails.web.filters.HiddenHttpMethodFilter.doFilterInternal(HiddenHttpMethodFilter.java:67)
	at org.springframework.web.filter.OncePerRequestFilter.doFilter(OncePerRequestFilter.java:107)
	at org.apache.catalina.core.ApplicationFilterChain.internalDoFilter(ApplicationFilterChain.java:192)
	at org.apache.catalina.core.ApplicationFilterChain.doFilter(ApplicationFilterChain.java:165)
	at org.springframework.web.filter.CharacterEncodingFilter.doFilterInternal(CharacterEncodingFilter.java:197)
	at org.springframework.web.filter.OncePerRequestFilter.doFilter(OncePerRequestFilter.java:107)
	at org.apache.catalina.core.ApplicationFilterChain.internalDoFilter(ApplicationFilterChain.java:192)
	at org.apache.catalina.core.ApplicationFilterChain.doFilter(ApplicationFilterChain.java:165)
	at org.springframework.boot.actuate.autoconfigure.MetricsFilter.doFilterInternal(MetricsFilter.java:107)
	at org.springframework.web.filter.OncePerRequestFilter.doFilter(OncePerRequestFilter.java:107)
	at org.apache.catalina.core.ApplicationFilterChain.internalDoFilter(ApplicationFilterChain.java:192)
	at org.apache.catalina.core.ApplicationFilterChain.doFilter(ApplicationFilterChain.java:165)
	at org.apache.catalina.core.StandardWrapperValve.invoke(StandardWrapperValve.java:198)
	at org.apache.catalina.core.StandardContextValve.invoke(StandardContextValve.java:108)
	at org.apache.catalina.authenticator.AuthenticatorBase.invoke(AuthenticatorBase.java:522)
	at org.apache.catalina.core.StandardHostValve.invoke(StandardHostValve.java:140)
	at org.apache.catalina.valves.ErrorReportValve.invoke(ErrorReportValve.java:79)
	at org.apache.catalina.core.StandardEngineValve.invoke(StandardEngineValve.java:87)
	at org.apache.catalina.connector.CoyoteAdapter.service(CoyoteAdapter.java:349)
	at org.apache.coyote.http11.Http11Processor.service(Http11Processor.java:1110)
	at org.apache.coyote.AbstractProcessorLight.process(AbstractProcessorLight.java:66)
	at org.apache.coyote.AbstractProtocol$ConnectionHandler.process(AbstractProtocol.java:785)
	at org.apache.tomcat.util.net.NioEndpoint$SocketProcessor.doRun(NioEndpoint.java:1425)
	at org.apache.tomcat.util.net.SocketProcessorBase.run(SocketProcessorBase.java:49)
	at java.util.concurrent.ThreadPoolExecutor.runWorker(ThreadPoolExecutor.java:1142)
	at java.util.concurrent.ThreadPoolExecutor$Worker.run(ThreadPoolExecutor.java:617)
	at org.apache.tomcat.util.threads.TaskThread$WrappingRunnable.run(TaskThread.java:61)
	at java.lang.Thread.run(Thread.java:745)
ERROR StackTrace - Full Stack Trace:
org.grails.taglib.GrailsTagException: [views/template/login.gsp:67] [views/template/login.gsp:67] Tag [remoteFunction] does not exist. No tag library found for namespace: g
	at org.grails.gsp.GroovyPage.throwRootCause(GroovyPage.java:440)
	at org.grails.gsp.GroovyPage.invokeTag(GroovyPage.java:386)
	at home_felipe_Documents_git_use_modelagem_Prototipo_Grails_grails_app_views_template_login_gsp$_run_closure2.doCall(home_felipe_Documents_git_use_modelagem_Prototipo_Grails_grails_app_views_template_login_gsp:37)
	at org.grails.taglib.TagBodyClosure.executeClosure(TagBodyClosure.java:200)
	at org.grails.taglib.TagBodyClosure.captureClosureOutput(TagBodyClosure.java:102)
	at org.grails.taglib.TagBodyClosure.call(TagBodyClosure.java:213)
	at org.grails.plugins.web.taglib.SitemeshTagLib.captureTagContent(SitemeshTagLib.groovy:48)
	at org.grails.plugins.web.taglib.SitemeshTagLib$_closure3.doCall(SitemeshTagLib.groovy:156)
	at org.grails.gsp.GroovyPage.invokeTagLibClosure(GroovyPage.java:417)
	at org.grails.gsp.GroovyPage.invokeTag(GroovyPage.java:335)
	at home_felipe_Documents_git_use_modelagem_Prototipo_Grails_grails_app_views_template_login_gsp.run(home_felipe_Documents_git_use_modelagem_Prototipo_Grails_grails_app_views_template_login_gsp:40)
	at org.grails.gsp.GroovyPageWritable.doWriteTo(GroovyPageWritable.java:162)
	at org.grails.gsp.GroovyPageWritable.writeTo(GroovyPageWritable.java:82)
	at org.grails.web.servlet.view.GroovyPageView.renderTemplate(GroovyPageView.java:76)
	at org.grails.web.servlet.view.AbstractGrailsView.renderWithinGrailsWebRequest(AbstractGrailsView.java:71)
	at org.grails.web.servlet.view.AbstractGrailsView.renderMergedOutputModel(AbstractGrailsView.java:55)
	at org.springframework.web.servlet.view.AbstractView.render(AbstractView.java:303)
	at org.grails.web.sitemesh.GrailsLayoutView.renderInnerView(GrailsLayoutView.java:150)
	at org.grails.web.sitemesh.GrailsLayoutView.obtainContent(GrailsLayoutView.java:128)
	at org.grails.web.sitemesh.GrailsLayoutView.renderTemplate(GrailsLayoutView.java:63)
	at org.grails.web.servlet.view.AbstractGrailsView.renderWithinGrailsWebRequest(AbstractGrailsView.java:71)
	at org.grails.web.servlet.view.AbstractGrailsView.renderMergedOutputModel(AbstractGrailsView.java:55)
	at org.springframework.web.servlet.view.AbstractView.render(AbstractView.java:303)
	at org.springframework.web.servlet.DispatcherServlet.render(DispatcherServlet.java:1257)
	at org.springframework.web.servlet.DispatcherServlet.processDispatchResult(DispatcherServlet.java:1037)
	at org.springframework.web.servlet.DispatcherServlet.doDispatch(DispatcherServlet.java:980)
	at org.springframework.web.servlet.DispatcherServlet.doService(DispatcherServlet.java:897)
	at org.springframework.web.servlet.FrameworkServlet.processRequest(FrameworkServlet.java:970)
	at org.springframework.web.servlet.FrameworkServlet.doGet(FrameworkServlet.java:861)
	at org.springframework.web.servlet.FrameworkServlet.service(FrameworkServlet.java:846)
	at org.springframework.boot.web.filter.ApplicationContextHeaderFilter.doFilterInternal(ApplicationContextHeaderFilter.java:55)
	at org.grails.web.servlet.mvc.GrailsWebRequestFilter.doFilterInternal(GrailsWebRequestFilter.java:77)
	at org.grails.web.filters.HiddenHttpMethodFilter.doFilterInternal(HiddenHttpMethodFilter.java:67)
	at java.util.concurrent.ThreadPoolExecutor.runWorker(ThreadPoolExecutor.java:1142)
	at java.util.concurrent.ThreadPoolExecutor$Worker.run(ThreadPoolExecutor.java:617)
	at java.lang.Thread.run(Thread.java:745)
ERROR org.apache.catalina.core.ContainerBase.[Tomcat].[localhost].[/].[grailsDispatcherServlet] - Servlet.service() for servlet [grailsDispatcherServlet] in context with path [] threw exception [Request processing failed; nested exception is org.grails.gsp.GroovyPagesException: Error processing GroovyPageView: [views/template/login.gsp:67] [views/template/login.gsp:67] Tag [remoteFunction] does not exist. No tag library found for namespace: g] with root cause
org.grails.taglib.GrailsTagException: [views/template/login.gsp:67] [views/template/login.gsp:67] Tag [remoteFunction] does not exist. No tag library found for namespace: g
	at org.grails.gsp.GroovyPage.throwRootCause(GroovyPage.java:440)
	at org.grails.gsp.GroovyPage.invokeTag(GroovyPage.java:386)
	at home_felipe_Documents_git_use_modelagem_Prototipo_Grails_grails_app_views_template_login_gsp$_run_closure2.doCall(home_felipe_Documents_git_use_modelagem_Prototipo_Grails_grails_app_views_template_login_gsp:37)
	at org.grails.taglib.TagBodyClosure.executeClosure(TagBodyClosure.java:200)
	at org.grails.taglib.TagBodyClosure.captureClosureOutput(TagBodyClosure.java:102)
	at org.grails.taglib.TagBodyClosure.call(TagBodyClosure.java:213)
	at org.grails.plugins.web.taglib.SitemeshTagLib.captureTagContent(SitemeshTagLib.groovy:48)
	at org.grails.plugins.web.taglib.SitemeshTagLib$_closure3.doCall(SitemeshTagLib.groovy:156)
	at org.grails.gsp.GroovyPage.invokeTagLibClosure(GroovyPage.java:417)
	at org.grails.gsp.GroovyPage.invokeTag(GroovyPage.java:335)
	at home_felipe_Documents_git_use_modelagem_Prototipo_Grails_grails_app_views_template_login_gsp.run(home_felipe_Documents_git_use_modelagem_Prototipo_Grails_grails_app_views_template_login_gsp:40)
	at org.grails.gsp.GroovyPageWritable.doWriteTo(GroovyPageWritable.java:162)
	at org.grails.gsp.GroovyPageWritable.writeTo(GroovyPageWritable.java:82)
	at org.grails.web.servlet.view.GroovyPageView.renderTemplate(GroovyPageView.java:76)
	at org.grails.web.servlet.view.AbstractGrailsView.renderWithinGrailsWebRequest(AbstractGrailsView.java:71)
	at org.grails.web.servlet.view.AbstractGrailsView.renderMergedOutputModel(AbstractGrailsView.java:55)
	at org.springframework.web.servlet.view.AbstractView.render(AbstractView.java:303)
	at org.grails.web.sitemesh.GrailsLayoutView.renderInnerView(GrailsLayoutView.java:150)
	at org.grails.web.sitemesh.GrailsLayoutView.obtainContent(GrailsLayoutView.java:128)
	at org.grails.web.sitemesh.GrailsLayoutView.renderTemplate(GrailsLayoutView.java:63)
	at org.grails.web.servlet.view.AbstractGrailsView.renderWithinGrailsWebRequest(AbstractGrailsView.java:71)
	at org.grails.web.servlet.view.AbstractGrailsView.renderMergedOutputModel(AbstractGrailsView.java:55)
	at org.springframework.web.servlet.view.AbstractView.render(AbstractView.java:303)
	at org.springframework.web.servlet.DispatcherServlet.render(DispatcherServlet.java:1257)
	at org.springframework.web.servlet.DispatcherServlet.processDispatchResult(DispatcherServlet.java:1037)
	at org.springframework.web.servlet.DispatcherServlet.doDispatch(DispatcherServlet.java:980)
	at org.springframework.web.servlet.DispatcherServlet.doService(DispatcherServlet.java:897)
	at org.springframework.web.servlet.FrameworkServlet.processRequest(FrameworkServlet.java:970)
	at org.springframework.web.servlet.FrameworkServlet.doGet(FrameworkServlet.java:861)
	at org.springframework.web.servlet.FrameworkServlet.service(FrameworkServlet.java:846)
	at org.springframework.boot.web.filter.ApplicationContextHeaderFilter.doFilterInternal(ApplicationContextHeaderFilter.java:55)
	at org.grails.web.servlet.mvc.GrailsWebRequestFilter.doFilterInternal(GrailsWebRequestFilter.java:77)
	at org.grails.web.filters.HiddenHttpMethodFilter.doFilterInternal(HiddenHttpMethodFilter.java:67)
	at java.util.concurrent.ThreadPoolExecutor.runWorker(ThreadPoolExecutor.java:1142)
	at java.util.concurrent.ThreadPoolExecutor$Worker.run(ThreadPoolExecutor.java:617)
	at java.lang.Thread.run(Thread.java:745)
ERROR StackTrace - Full Stack Trace:
org.grails.taglib.GrailsTagException: [views/template/login.gsp:67] [views/template/login.gsp:67] Tag [remoteFunction] does not exist. No tag library found for namespace: g
	at org.grails.gsp.GroovyPage.throwRootCause(GroovyPage.java:440)
	at org.grails.gsp.GroovyPage.invokeTag(GroovyPage.java:386)
	at sun.reflect.GeneratedMethodAccessor115.invoke(Unknown Source)
	at sun.reflect.DelegatingMethodAccessorImpl.invoke(DelegatingMethodAccessorImpl.java:43)
	at java.lang.reflect.Method.invoke(Method.java:498)
	at org.springsource.loaded.ri.ReflectiveInterceptor.jlrMethodInvoke(ReflectiveInterceptor.java:1432)
	at org.codehaus.groovy.reflection.CachedMethod.invoke(CachedMethod.java:93)
	at groovy.lang.MetaMethod.doMethodInvoke(MetaMethod.java:325)
	at org.codehaus.groovy.runtime.metaclass.ClosureMetaClass.invokeMethod(ClosureMetaClass.java:384)
	at groovy.lang.MetaClassImpl.invokeMethod(MetaClassImpl.java:1024)
	at org.codehaus.groovy.runtime.callsite.PogoMetaClassSite.callCurrent(PogoMetaClassSite.java:69)
	at home_felipe_Documents_git_use_modelagem_Prototipo_Grails_grails_app_views_template_login_gsp$_run_closure2.doCall(home_felipe_Documents_git_use_modelagem_Prototipo_Grails_grails_app_views_template_login_gsp:37)
	at sun.reflect.NativeMethodAccessorImpl.invoke0(Native Method)
	at sun.reflect.NativeMethodAccessorImpl.invoke(NativeMethodAccessorImpl.java:62)
	at sun.reflect.DelegatingMethodAccessorImpl.invoke(DelegatingMethodAccessorImpl.java:43)
	at java.lang.reflect.Method.invoke(Method.java:498)
	at org.springsource.loaded.ri.ReflectiveInterceptor.jlrMethodInvoke(ReflectiveInterceptor.java:1432)
	at org.codehaus.groovy.reflection.CachedMethod.invoke(CachedMethod.java:93)
	at groovy.lang.MetaMethod.doMethodInvoke(MetaMethod.java:325)
	at org.codehaus.groovy.runtime.metaclass.ClosureMetaClass.invokeMethod(ClosureMetaClass.java:294)
	at groovy.lang.MetaClassImpl.invokeMethod(MetaClassImpl.java:1024)
	at groovy.lang.Closure.call(Closure.java:414)
	at groovy.lang.Closure.call(Closure.java:408)
	at org.grails.taglib.TagBodyClosure.executeClosure(TagBodyClosure.java:200)
	at org.grails.taglib.TagBodyClosure.captureClosureOutput(TagBodyClosure.java:102)
	at org.grails.taglib.TagBodyClosure.call(TagBodyClosure.java:213)
	at org.grails.plugins.web.taglib.SitemeshTagLib.captureTagContent(SitemeshTagLib.groovy:48)
	at org.grails.plugins.web.taglib.SitemeshTagLib.captureTagContent(SitemeshTagLib.groovy)
	at org.grails.plugins.web.taglib.SitemeshTagLib$_closure3.doCall(SitemeshTagLib.groovy:156)
	at sun.reflect.NativeMethodAccessorImpl.invoke0(Native Method)
	at sun.reflect.NativeMethodAccessorImpl.invoke(NativeMethodAccessorImpl.java:62)
	at sun.reflect.DelegatingMethodAccessorImpl.invoke(DelegatingMethodAccessorImpl.java:43)
	at java.lang.reflect.Method.invoke(Method.java:498)
	at org.springsource.loaded.ri.ReflectiveInterceptor.jlrMethodInvoke(ReflectiveInterceptor.java:1432)
	at org.codehaus.groovy.reflection.CachedMethod.invoke(CachedMethod.java:93)
	at groovy.lang.MetaMethod.doMethodInvoke(MetaMethod.java:325)
	at org.codehaus.groovy.runtime.metaclass.ClosureMetaClass.invokeMethod(ClosureMetaClass.java:294)
	at groovy.lang.MetaClassImpl.invokeMethod(MetaClassImpl.java:1024)
	at groovy.lang.Closure.call(Closure.java:414)
	at org.grails.gsp.GroovyPage.invokeTagLibClosure(GroovyPage.java:417)
	at org.grails.gsp.GroovyPage.invokeTag(GroovyPage.java:335)
	at org.grails.gsp.GroovyPage$invokeTag$4.callCurrent(Unknown Source)
	at home_felipe_Documents_git_use_modelagem_Prototipo_Grails_grails_app_views_template_login_gsp.run(home_felipe_Documents_git_use_modelagem_Prototipo_Grails_grails_app_views_template_login_gsp:40)
	at org.grails.gsp.GroovyPageWritable.doWriteTo(GroovyPageWritable.java:162)
	at org.grails.gsp.GroovyPageWritable.writeTo(GroovyPageWritable.java:82)
	at org.grails.web.servlet.view.GroovyPageView.renderTemplate(GroovyPageView.java:76)
	at org.grails.web.servlet.view.AbstractGrailsView.renderWithinGrailsWebRequest(AbstractGrailsView.java:71)
	at org.grails.web.servlet.view.AbstractGrailsView.renderMergedOutputModel(AbstractGrailsView.java:55)
	at org.springframework.web.servlet.view.AbstractView.render(AbstractView.java:303)
	at org.grails.web.sitemesh.GrailsLayoutView.renderInnerView(GrailsLayoutView.java:150)
	at org.grails.web.sitemesh.GrailsLayoutView.obtainContent(GrailsLayoutView.java:128)
	at org.grails.web.sitemesh.GrailsLayoutView.renderTemplate(GrailsLayoutView.java:63)
	at org.grails.web.servlet.view.AbstractGrailsView.renderWithinGrailsWebRequest(AbstractGrailsView.java:71)
	at org.grails.web.servlet.view.AbstractGrailsView.renderMergedOutputModel(AbstractGrailsView.java:55)
	at org.springframework.web.servlet.view.AbstractView.render(AbstractView.java:303)
	at org.springframework.web.servlet.DispatcherServlet.render(DispatcherServlet.java:1257)
	at org.springframework.web.servlet.DispatcherServlet.processDispatchResult(DispatcherServlet.java:1037)
	at org.springframework.web.servlet.DispatcherServlet.doDispatch(DispatcherServlet.java:980)
	at org.springframework.web.servlet.DispatcherServlet.doService(DispatcherServlet.java:897)
	at org.springframework.web.servlet.FrameworkServlet.processRequest(FrameworkServlet.java:970)
	at org.springframework.web.servlet.FrameworkServlet.doGet(FrameworkServlet.java:861)
	at javax.servlet.http.HttpServlet.service(HttpServlet.java:622)
	at org.springframework.web.servlet.FrameworkServlet.service(FrameworkServlet.java:846)
	at javax.servlet.http.HttpServlet.service(HttpServlet.java:729)
	at org.apache.catalina.core.ApplicationFilterChain.internalDoFilter(ApplicationFilterChain.java:230)
	at org.apache.catalina.core.ApplicationFilterChain.doFilter(ApplicationFilterChain.java:165)
	at org.apache.tomcat.websocket.server.WsFilter.doFilter(WsFilter.java:52)
	at org.apache.catalina.core.ApplicationFilterChain.internalDoFilter(ApplicationFilterChain.java:192)
	at org.apache.catalina.core.ApplicationFilterChain.doFilter(ApplicationFilterChain.java:165)
	at org.springframework.boot.web.filter.ApplicationContextHeaderFilter.doFilterInternal(ApplicationContextHeaderFilter.java:55)
	at org.springframework.web.filter.OncePerRequestFilter.doFilter(OncePerRequestFilter.java:107)
	at org.apache.catalina.core.ApplicationFilterChain.internalDoFilter(ApplicationFilterChain.java:192)
	at org.apache.catalina.core.ApplicationFilterChain.doFilter(ApplicationFilterChain.java:165)
	at org.springframework.boot.actuate.trace.WebRequestTraceFilter.doFilterInternal(WebRequestTraceFilter.java:105)
	at org.springframework.web.filter.OncePerRequestFilter.doFilter(OncePerRequestFilter.java:107)
	at org.apache.catalina.core.ApplicationFilterChain.internalDoFilter(ApplicationFilterChain.java:192)
	at org.apache.catalina.core.ApplicationFilterChain.doFilter(ApplicationFilterChain.java:165)
	at org.grails.web.servlet.mvc.GrailsWebRequestFilter.doFilterInternal(GrailsWebRequestFilter.java:77)
	at org.springframework.web.filter.OncePerRequestFilter.doFilter(OncePerRequestFilter.java:107)
	at org.apache.catalina.core.ApplicationFilterChain.internalDoFilter(ApplicationFilterChain.java:192)
	at org.apache.catalina.core.ApplicationFilterChain.doFilter(ApplicationFilterChain.java:165)
	at org.grails.web.filters.HiddenHttpMethodFilter.doFilterInternal(HiddenHttpMethodFilter.java:67)
	at org.springframework.web.filter.OncePerRequestFilter.doFilter(OncePerRequestFilter.java:107)
	at org.apache.catalina.core.ApplicationFilterChain.internalDoFilter(ApplicationFilterChain.java:192)
	at org.apache.catalina.core.ApplicationFilterChain.doFilter(ApplicationFilterChain.java:165)
	at org.springframework.web.filter.CharacterEncodingFilter.doFilterInternal(CharacterEncodingFilter.java:197)
	at org.springframework.web.filter.OncePerRequestFilter.doFilter(OncePerRequestFilter.java:107)
	at org.apache.catalina.core.ApplicationFilterChain.internalDoFilter(ApplicationFilterChain.java:192)
	at org.apache.catalina.core.ApplicationFilterChain.doFilter(ApplicationFilterChain.java:165)
	at org.springframework.boot.actuate.autoconfigure.MetricsFilter.doFilterInternal(MetricsFilter.java:107)
	at org.springframework.web.filter.OncePerRequestFilter.doFilter(OncePerRequestFilter.java:107)
	at org.apache.catalina.core.ApplicationFilterChain.internalDoFilter(ApplicationFilterChain.java:192)
	at org.apache.catalina.core.ApplicationFilterChain.doFilter(ApplicationFilterChain.java:165)
	at org.apache.catalina.core.StandardWrapperValve.invoke(StandardWrapperValve.java:198)
	at org.apache.catalina.core.StandardContextValve.invoke(StandardContextValve.java:108)
	at org.apache.catalina.authenticator.AuthenticatorBase.invoke(AuthenticatorBase.java:522)
	at org.apache.catalina.core.StandardHostValve.invoke(StandardHostValve.java:140)
	at org.apache.catalina.valves.ErrorReportValve.invoke(ErrorReportValve.java:79)
	at org.apache.catalina.core.StandardEngineValve.invoke(StandardEngineValve.java:87)
	at org.apache.catalina.connector.CoyoteAdapter.service(CoyoteAdapter.java:349)
	at org.apache.coyote.http11.Http11Processor.service(Http11Processor.java:1110)
	at org.apache.coyote.AbstractProcessorLight.process(AbstractProcessorLight.java:66)
	at org.apache.coyote.AbstractProtocol$ConnectionHandler.process(AbstractProtocol.java:785)
	at org.apache.tomcat.util.net.NioEndpoint$SocketProcessor.doRun(NioEndpoint.java:1425)
	at org.apache.tomcat.util.net.SocketProcessorBase.run(SocketProcessorBase.java:49)
	at java.util.concurrent.ThreadPoolExecutor.runWorker(ThreadPoolExecutor.java:1142)
	at java.util.concurrent.ThreadPoolExecutor$Worker.run(ThreadPoolExecutor.java:617)
	at org.apache.tomcat.util.threads.TaskThread$WrappingRunnable.run(TaskThread.java:61)
	at java.lang.Thread.run(Thread.java:745)
ERROR StackTrace - Full Stack Trace:
org.grails.taglib.GrailsTagException: [views/template/login.gsp:67] [views/template/login.gsp:67] Tag [remoteFunction] does not exist. No tag library found for namespace: g
	at org.grails.gsp.GroovyPage.throwRootCause(GroovyPage.java:440)
	at org.grails.gsp.GroovyPage.invokeTag(GroovyPage.java:386)
	at home_felipe_Documents_git_use_modelagem_Prototipo_Grails_grails_app_views_template_login_gsp$_run_closure2.doCall(home_felipe_Documents_git_use_modelagem_Prototipo_Grails_grails_app_views_template_login_gsp:37)
	at org.grails.taglib.TagBodyClosure.executeClosure(TagBodyClosure.java:200)
	at org.grails.taglib.TagBodyClosure.captureClosureOutput(TagBodyClosure.java:102)
	at org.grails.taglib.TagBodyClosure.call(TagBodyClosure.java:213)
	at org.grails.plugins.web.taglib.SitemeshTagLib.captureTagContent(SitemeshTagLib.groovy:48)
	at org.grails.plugins.web.taglib.SitemeshTagLib$_closure3.doCall(SitemeshTagLib.groovy:156)
	at org.grails.gsp.GroovyPage.invokeTagLibClosure(GroovyPage.java:417)
	at org.grails.gsp.GroovyPage.invokeTag(GroovyPage.java:335)
	at home_felipe_Documents_git_use_modelagem_Prototipo_Grails_grails_app_views_template_login_gsp.run(home_felipe_Documents_git_use_modelagem_Prototipo_Grails_grails_app_views_template_login_gsp:40)
	at org.grails.gsp.GroovyPageWritable.doWriteTo(GroovyPageWritable.java:162)
	at org.grails.gsp.GroovyPageWritable.writeTo(GroovyPageWritable.java:82)
	at org.grails.web.servlet.view.GroovyPageView.renderTemplate(GroovyPageView.java:76)
	at org.grails.web.servlet.view.AbstractGrailsView.renderWithinGrailsWebRequest(AbstractGrailsView.java:71)
	at org.grails.web.servlet.view.AbstractGrailsView.renderMergedOutputModel(AbstractGrailsView.java:55)
	at org.springframework.web.servlet.view.AbstractView.render(AbstractView.java:303)
	at org.grails.web.sitemesh.GrailsLayoutView.renderInnerView(GrailsLayoutView.java:150)
	at org.grails.web.sitemesh.GrailsLayoutView.obtainContent(GrailsLayoutView.java:128)
	at org.grails.web.sitemesh.GrailsLayoutView.renderTemplate(GrailsLayoutView.java:63)
	at org.grails.web.servlet.view.AbstractGrailsView.renderWithinGrailsWebRequest(AbstractGrailsView.java:71)
	at org.grails.web.servlet.view.AbstractGrailsView.renderMergedOutputModel(AbstractGrailsView.java:55)
	at org.springframework.web.servlet.view.AbstractView.render(AbstractView.java:303)
	at org.springframework.web.servlet.DispatcherServlet.render(DispatcherServlet.java:1257)
	at org.springframework.web.servlet.DispatcherServlet.processDispatchResult(DispatcherServlet.java:1037)
	at org.springframework.web.servlet.DispatcherServlet.doDispatch(DispatcherServlet.java:980)
	at org.springframework.web.servlet.DispatcherServlet.doService(DispatcherServlet.java:897)
	at org.springframework.web.servlet.FrameworkServlet.processRequest(FrameworkServlet.java:970)
	at org.springframework.web.servlet.FrameworkServlet.doGet(FrameworkServlet.java:861)
	at org.springframework.web.servlet.FrameworkServlet.service(FrameworkServlet.java:846)
	at org.springframework.boot.web.filter.ApplicationContextHeaderFilter.doFilterInternal(ApplicationContextHeaderFilter.java:55)
	at org.grails.web.servlet.mvc.GrailsWebRequestFilter.doFilterInternal(GrailsWebRequestFilter.java:77)
	at org.grails.web.filters.HiddenHttpMethodFilter.doFilterInternal(HiddenHttpMethodFilter.java:67)
	at java.util.concurrent.ThreadPoolExecutor.runWorker(ThreadPoolExecutor.java:1142)
	at java.util.concurrent.ThreadPoolExecutor$Worker.run(ThreadPoolExecutor.java:617)
	at java.lang.Thread.run(Thread.java:745)
ERROR org.apache.catalina.core.ContainerBase.[Tomcat].[localhost].[/].[grailsDispatcherServlet] - Servlet.service() for servlet [grailsDispatcherServlet] in context with path [] threw exception [Request processing failed; nested exception is org.grails.gsp.GroovyPagesException: Error processing GroovyPageView: [views/template/login.gsp:67] [views/template/login.gsp:67] Tag [remoteFunction] does not exist. No tag library found for namespace: g] with root cause
org.grails.taglib.GrailsTagException: [views/template/login.gsp:67] [views/template/login.gsp:67] Tag [remoteFunction] does not exist. No tag library found for namespace: g
	at org.grails.gsp.GroovyPage.throwRootCause(GroovyPage.java:440)
	at org.grails.gsp.GroovyPage.invokeTag(GroovyPage.java:386)
	at home_felipe_Documents_git_use_modelagem_Prototipo_Grails_grails_app_views_template_login_gsp$_run_closure2.doCall(home_felipe_Documents_git_use_modelagem_Prototipo_Grails_grails_app_views_template_login_gsp:37)
	at org.grails.taglib.TagBodyClosure.executeClosure(TagBodyClosure.java:200)
	at org.grails.taglib.TagBodyClosure.captureClosureOutput(TagBodyClosure.java:102)
	at org.grails.taglib.TagBodyClosure.call(TagBodyClosure.java:213)
	at org.grails.plugins.web.taglib.SitemeshTagLib.captureTagContent(SitemeshTagLib.groovy:48)
	at org.grails.plugins.web.taglib.SitemeshTagLib$_closure3.doCall(SitemeshTagLib.groovy:156)
	at org.grails.gsp.GroovyPage.invokeTagLibClosure(GroovyPage.java:417)
	at org.grails.gsp.GroovyPage.invokeTag(GroovyPage.java:335)
	at home_felipe_Documents_git_use_modelagem_Prototipo_Grails_grails_app_views_template_login_gsp.run(home_felipe_Documents_git_use_modelagem_Prototipo_Grails_grails_app_views_template_login_gsp:40)
	at org.grails.gsp.GroovyPageWritable.doWriteTo(GroovyPageWritable.java:162)
	at org.grails.gsp.GroovyPageWritable.writeTo(GroovyPageWritable.java:82)
	at org.grails.web.servlet.view.GroovyPageView.renderTemplate(GroovyPageView.java:76)
	at org.grails.web.servlet.view.AbstractGrailsView.renderWithinGrailsWebRequest(AbstractGrailsView.java:71)
	at org.grails.web.servlet.view.AbstractGrailsView.renderMergedOutputModel(AbstractGrailsView.java:55)
	at org.springframework.web.servlet.view.AbstractView.render(AbstractView.java:303)
	at org.grails.web.sitemesh.GrailsLayoutView.renderInnerView(GrailsLayoutView.java:150)
	at org.grails.web.sitemesh.GrailsLayoutView.obtainContent(GrailsLayoutView.java:128)
	at org.grails.web.sitemesh.GrailsLayoutView.renderTemplate(GrailsLayoutView.java:63)
	at org.grails.web.servlet.view.AbstractGrailsView.renderWithinGrailsWebRequest(AbstractGrailsView.java:71)
	at org.grails.web.servlet.view.AbstractGrailsView.renderMergedOutputModel(AbstractGrailsView.java:55)
	at org.springframework.web.servlet.view.AbstractView.render(AbstractView.java:303)
	at org.springframework.web.servlet.DispatcherServlet.render(DispatcherServlet.java:1257)
	at org.springframework.web.servlet.DispatcherServlet.processDispatchResult(DispatcherServlet.java:1037)
	at org.springframework.web.servlet.DispatcherServlet.doDispatch(DispatcherServlet.java:980)
	at org.springframework.web.servlet.DispatcherServlet.doService(DispatcherServlet.java:897)
	at org.springframework.web.servlet.FrameworkServlet.processRequest(FrameworkServlet.java:970)
	at org.springframework.web.servlet.FrameworkServlet.doGet(FrameworkServlet.java:861)
	at org.springframework.web.servlet.FrameworkServlet.service(FrameworkServlet.java:846)
	at org.springframework.boot.web.filter.ApplicationContextHeaderFilter.doFilterInternal(ApplicationContextHeaderFilter.java:55)
	at org.grails.web.servlet.mvc.GrailsWebRequestFilter.doFilterInternal(GrailsWebRequestFilter.java:77)
	at org.grails.web.filters.HiddenHttpMethodFilter.doFilterInternal(HiddenHttpMethodFilter.java:67)
	at java.util.concurrent.ThreadPoolExecutor.runWorker(ThreadPoolExecutor.java:1142)
	at java.util.concurrent.ThreadPoolExecutor$Worker.run(ThreadPoolExecutor.java:617)
	at java.lang.Thread.run(Thread.java:745)
ERROR StackTrace - Full Stack Trace:
org.grails.taglib.GrailsTagException: [views/template/login.gsp:67] [views/template/login.gsp:67] Tag [remoteFunction] does not exist. No tag library found for namespace: g
	at org.grails.gsp.GroovyPage.throwRootCause(GroovyPage.java:440)
	at org.grails.gsp.GroovyPage.invokeTag(GroovyPage.java:386)
	at sun.reflect.GeneratedMethodAccessor115.invoke(Unknown Source)
	at sun.reflect.DelegatingMethodAccessorImpl.invoke(DelegatingMethodAccessorImpl.java:43)
	at java.lang.reflect.Method.invoke(Method.java:498)
	at org.springsource.loaded.ri.ReflectiveInterceptor.jlrMethodInvoke(ReflectiveInterceptor.java:1432)
	at org.codehaus.groovy.reflection.CachedMethod.invoke(CachedMethod.java:93)
	at groovy.lang.MetaMethod.doMethodInvoke(MetaMethod.java:325)
	at org.codehaus.groovy.runtime.metaclass.ClosureMetaClass.invokeMethod(ClosureMetaClass.java:384)
	at groovy.lang.MetaClassImpl.invokeMethod(MetaClassImpl.java:1024)
	at org.codehaus.groovy.runtime.callsite.PogoMetaClassSite.callCurrent(PogoMetaClassSite.java:69)
	at home_felipe_Documents_git_use_modelagem_Prototipo_Grails_grails_app_views_template_login_gsp$_run_closure2.doCall(home_felipe_Documents_git_use_modelagem_Prototipo_Grails_grails_app_views_template_login_gsp:37)
	at sun.reflect.NativeMethodAccessorImpl.invoke0(Native Method)
	at sun.reflect.NativeMethodAccessorImpl.invoke(NativeMethodAccessorImpl.java:62)
	at sun.reflect.DelegatingMethodAccessorImpl.invoke(DelegatingMethodAccessorImpl.java:43)
	at java.lang.reflect.Method.invoke(Method.java:498)
	at org.springsource.loaded.ri.ReflectiveInterceptor.jlrMethodInvoke(ReflectiveInterceptor.java:1432)
	at org.codehaus.groovy.reflection.CachedMethod.invoke(CachedMethod.java:93)
	at groovy.lang.MetaMethod.doMethodInvoke(MetaMethod.java:325)
	at org.codehaus.groovy.runtime.metaclass.ClosureMetaClass.invokeMethod(ClosureMetaClass.java:294)
	at groovy.lang.MetaClassImpl.invokeMethod(MetaClassImpl.java:1024)
	at groovy.lang.Closure.call(Closure.java:414)
	at groovy.lang.Closure.call(Closure.java:408)
	at org.grails.taglib.TagBodyClosure.executeClosure(TagBodyClosure.java:200)
	at org.grails.taglib.TagBodyClosure.captureClosureOutput(TagBodyClosure.java:102)
	at org.grails.taglib.TagBodyClosure.call(TagBodyClosure.java:213)
	at org.grails.plugins.web.taglib.SitemeshTagLib.captureTagContent(SitemeshTagLib.groovy:48)
	at org.grails.plugins.web.taglib.SitemeshTagLib.captureTagContent(SitemeshTagLib.groovy)
	at org.grails.plugins.web.taglib.SitemeshTagLib$_closure3.doCall(SitemeshTagLib.groovy:156)
	at sun.reflect.NativeMethodAccessorImpl.invoke0(Native Method)
	at sun.reflect.NativeMethodAccessorImpl.invoke(NativeMethodAccessorImpl.java:62)
	at sun.reflect.DelegatingMethodAccessorImpl.invoke(DelegatingMethodAccessorImpl.java:43)
	at java.lang.reflect.Method.invoke(Method.java:498)
	at org.springsource.loaded.ri.ReflectiveInterceptor.jlrMethodInvoke(ReflectiveInterceptor.java:1432)
	at org.codehaus.groovy.reflection.CachedMethod.invoke(CachedMethod.java:93)
	at groovy.lang.MetaMethod.doMethodInvoke(MetaMethod.java:325)
	at org.codehaus.groovy.runtime.metaclass.ClosureMetaClass.invokeMethod(ClosureMetaClass.java:294)
	at groovy.lang.MetaClassImpl.invokeMethod(MetaClassImpl.java:1024)
	at groovy.lang.Closure.call(Closure.java:414)
	at org.grails.gsp.GroovyPage.invokeTagLibClosure(GroovyPage.java:417)
	at org.grails.gsp.GroovyPage.invokeTag(GroovyPage.java:335)
	at org.grails.gsp.GroovyPage$invokeTag$4.callCurrent(Unknown Source)
	at home_felipe_Documents_git_use_modelagem_Prototipo_Grails_grails_app_views_template_login_gsp.run(home_felipe_Documents_git_use_modelagem_Prototipo_Grails_grails_app_views_template_login_gsp:40)
	at org.grails.gsp.GroovyPageWritable.doWriteTo(GroovyPageWritable.java:162)
	at org.grails.gsp.GroovyPageWritable.writeTo(GroovyPageWritable.java:82)
	at org.grails.web.servlet.view.GroovyPageView.renderTemplate(GroovyPageView.java:76)
	at org.grails.web.servlet.view.AbstractGrailsView.renderWithinGrailsWebRequest(AbstractGrailsView.java:71)
	at org.grails.web.servlet.view.AbstractGrailsView.renderMergedOutputModel(AbstractGrailsView.java:55)
	at org.springframework.web.servlet.view.AbstractView.render(AbstractView.java:303)
	at org.grails.web.sitemesh.GrailsLayoutView.renderInnerView(GrailsLayoutView.java:150)
	at org.grails.web.sitemesh.GrailsLayoutView.obtainContent(GrailsLayoutView.java:128)
	at org.grails.web.sitemesh.GrailsLayoutView.renderTemplate(GrailsLayoutView.java:63)
	at org.grails.web.servlet.view.AbstractGrailsView.renderWithinGrailsWebRequest(AbstractGrailsView.java:71)
	at org.grails.web.servlet.view.AbstractGrailsView.renderMergedOutputModel(AbstractGrailsView.java:55)
	at org.springframework.web.servlet.view.AbstractView.render(AbstractView.java:303)
	at org.springframework.web.servlet.DispatcherServlet.render(DispatcherServlet.java:1257)
	at org.springframework.web.servlet.DispatcherServlet.processDispatchResult(DispatcherServlet.java:1037)
	at org.springframework.web.servlet.DispatcherServlet.doDispatch(DispatcherServlet.java:980)
	at org.springframework.web.servlet.DispatcherServlet.doService(DispatcherServlet.java:897)
	at org.springframework.web.servlet.FrameworkServlet.processRequest(FrameworkServlet.java:970)
	at org.springframework.web.servlet.FrameworkServlet.doGet(FrameworkServlet.java:861)
	at javax.servlet.http.HttpServlet.service(HttpServlet.java:622)
	at org.springframework.web.servlet.FrameworkServlet.service(FrameworkServlet.java:846)
	at javax.servlet.http.HttpServlet.service(HttpServlet.java:729)
	at org.apache.catalina.core.ApplicationFilterChain.internalDoFilter(ApplicationFilterChain.java:230)
	at org.apache.catalina.core.ApplicationFilterChain.doFilter(ApplicationFilterChain.java:165)
	at org.apache.tomcat.websocket.server.WsFilter.doFilter(WsFilter.java:52)
	at org.apache.catalina.core.ApplicationFilterChain.internalDoFilter(ApplicationFilterChain.java:192)
	at org.apache.catalina.core.ApplicationFilterChain.doFilter(ApplicationFilterChain.java:165)
	at org.springframework.boot.web.filter.ApplicationContextHeaderFilter.doFilterInternal(ApplicationContextHeaderFilter.java:55)
	at org.springframework.web.filter.OncePerRequestFilter.doFilter(OncePerRequestFilter.java:107)
	at org.apache.catalina.core.ApplicationFilterChain.internalDoFilter(ApplicationFilterChain.java:192)
	at org.apache.catalina.core.ApplicationFilterChain.doFilter(ApplicationFilterChain.java:165)
	at org.springframework.boot.actuate.trace.WebRequestTraceFilter.doFilterInternal(WebRequestTraceFilter.java:105)
	at org.springframework.web.filter.OncePerRequestFilter.doFilter(OncePerRequestFilter.java:107)
	at org.apache.catalina.core.ApplicationFilterChain.internalDoFilter(ApplicationFilterChain.java:192)
	at org.apache.catalina.core.ApplicationFilterChain.doFilter(ApplicationFilterChain.java:165)
	at org.grails.web.servlet.mvc.GrailsWebRequestFilter.doFilterInternal(GrailsWebRequestFilter.java:77)
	at org.springframework.web.filter.OncePerRequestFilter.doFilter(OncePerRequestFilter.java:107)
	at org.apache.catalina.core.ApplicationFilterChain.internalDoFilter(ApplicationFilterChain.java:192)
	at org.apache.catalina.core.ApplicationFilterChain.doFilter(ApplicationFilterChain.java:165)
	at org.grails.web.filters.HiddenHttpMethodFilter.doFilterInternal(HiddenHttpMethodFilter.java:67)
	at org.springframework.web.filter.OncePerRequestFilter.doFilter(OncePerRequestFilter.java:107)
	at org.apache.catalina.core.ApplicationFilterChain.internalDoFilter(ApplicationFilterChain.java:192)
	at org.apache.catalina.core.ApplicationFilterChain.doFilter(ApplicationFilterChain.java:165)
	at org.springframework.web.filter.CharacterEncodingFilter.doFilterInternal(CharacterEncodingFilter.java:197)
	at org.springframework.web.filter.OncePerRequestFilter.doFilter(OncePerRequestFilter.java:107)
	at org.apache.catalina.core.ApplicationFilterChain.internalDoFilter(ApplicationFilterChain.java:192)
	at org.apache.catalina.core.ApplicationFilterChain.doFilter(ApplicationFilterChain.java:165)
	at org.springframework.boot.actuate.autoconfigure.MetricsFilter.doFilterInternal(MetricsFilter.java:107)
	at org.springframework.web.filter.OncePerRequestFilter.doFilter(OncePerRequestFilter.java:107)
	at org.apache.catalina.core.ApplicationFilterChain.internalDoFilter(ApplicationFilterChain.java:192)
	at org.apache.catalina.core.ApplicationFilterChain.doFilter(ApplicationFilterChain.java:165)
	at org.apache.catalina.core.StandardWrapperValve.invoke(StandardWrapperValve.java:198)
	at org.apache.catalina.core.StandardContextValve.invoke(StandardContextValve.java:108)
	at org.apache.catalina.authenticator.AuthenticatorBase.invoke(AuthenticatorBase.java:522)
	at org.apache.catalina.core.StandardHostValve.invoke(StandardHostValve.java:140)
	at org.apache.catalina.valves.ErrorReportValve.invoke(ErrorReportValve.java:79)
	at org.apache.catalina.core.StandardEngineValve.invoke(StandardEngineValve.java:87)
	at org.apache.catalina.connector.CoyoteAdapter.service(CoyoteAdapter.java:349)
	at org.apache.coyote.http11.Http11Processor.service(Http11Processor.java:1110)
	at org.apache.coyote.AbstractProcessorLight.process(AbstractProcessorLight.java:66)
	at org.apache.coyote.AbstractProtocol$ConnectionHandler.process(AbstractProtocol.java:785)
	at org.apache.tomcat.util.net.NioEndpoint$SocketProcessor.doRun(NioEndpoint.java:1425)
	at org.apache.tomcat.util.net.SocketProcessorBase.run(SocketProcessorBase.java:49)
	at java.util.concurrent.ThreadPoolExecutor.runWorker(ThreadPoolExecutor.java:1142)
	at java.util.concurrent.ThreadPoolExecutor$Worker.run(ThreadPoolExecutor.java:617)
	at org.apache.tomcat.util.threads.TaskThread$WrappingRunnable.run(TaskThread.java:61)
	at java.lang.Thread.run(Thread.java:745)
ERROR StackTrace - Full Stack Trace:
org.grails.taglib.GrailsTagException: [views/template/login.gsp:67] [views/template/login.gsp:67] Tag [remoteFunction] does not exist. No tag library found for namespace: g
	at org.grails.gsp.GroovyPage.throwRootCause(GroovyPage.java:440)
	at org.grails.gsp.GroovyPage.invokeTag(GroovyPage.java:386)
	at home_felipe_Documents_git_use_modelagem_Prototipo_Grails_grails_app_views_template_login_gsp$_run_closure2.doCall(home_felipe_Documents_git_use_modelagem_Prototipo_Grails_grails_app_views_template_login_gsp:37)
	at org.grails.taglib.TagBodyClosure.executeClosure(TagBodyClosure.java:200)
	at org.grails.taglib.TagBodyClosure.captureClosureOutput(TagBodyClosure.java:102)
	at org.grails.taglib.TagBodyClosure.call(TagBodyClosure.java:213)
	at org.grails.plugins.web.taglib.SitemeshTagLib.captureTagContent(SitemeshTagLib.groovy:48)
	at org.grails.plugins.web.taglib.SitemeshTagLib$_closure3.doCall(SitemeshTagLib.groovy:156)
	at org.grails.gsp.GroovyPage.invokeTagLibClosure(GroovyPage.java:417)
	at org.grails.gsp.GroovyPage.invokeTag(GroovyPage.java:335)
	at home_felipe_Documents_git_use_modelagem_Prototipo_Grails_grails_app_views_template_login_gsp.run(home_felipe_Documents_git_use_modelagem_Prototipo_Grails_grails_app_views_template_login_gsp:40)
	at org.grails.gsp.GroovyPageWritable.doWriteTo(GroovyPageWritable.java:162)
	at org.grails.gsp.GroovyPageWritable.writeTo(GroovyPageWritable.java:82)
	at org.grails.web.servlet.view.GroovyPageView.renderTemplate(GroovyPageView.java:76)
	at org.grails.web.servlet.view.AbstractGrailsView.renderWithinGrailsWebRequest(AbstractGrailsView.java:71)
	at org.grails.web.servlet.view.AbstractGrailsView.renderMergedOutputModel(AbstractGrailsView.java:55)
	at org.springframework.web.servlet.view.AbstractView.render(AbstractView.java:303)
	at org.grails.web.sitemesh.GrailsLayoutView.renderInnerView(GrailsLayoutView.java:150)
	at org.grails.web.sitemesh.GrailsLayoutView.obtainContent(GrailsLayoutView.java:128)
	at org.grails.web.sitemesh.GrailsLayoutView.renderTemplate(GrailsLayoutView.java:63)
	at org.grails.web.servlet.view.AbstractGrailsView.renderWithinGrailsWebRequest(AbstractGrailsView.java:71)
	at org.grails.web.servlet.view.AbstractGrailsView.renderMergedOutputModel(AbstractGrailsView.java:55)
	at org.springframework.web.servlet.view.AbstractView.render(AbstractView.java:303)
	at org.springframework.web.servlet.DispatcherServlet.render(DispatcherServlet.java:1257)
	at org.springframework.web.servlet.DispatcherServlet.processDispatchResult(DispatcherServlet.java:1037)
	at org.springframework.web.servlet.DispatcherServlet.doDispatch(DispatcherServlet.java:980)
	at org.springframework.web.servlet.DispatcherServlet.doService(DispatcherServlet.java:897)
	at org.springframework.web.servlet.FrameworkServlet.processRequest(FrameworkServlet.java:970)
	at org.springframework.web.servlet.FrameworkServlet.doGet(FrameworkServlet.java:861)
	at org.springframework.web.servlet.FrameworkServlet.service(FrameworkServlet.java:846)
	at org.springframework.boot.web.filter.ApplicationContextHeaderFilter.doFilterInternal(ApplicationContextHeaderFilter.java:55)
	at org.grails.web.servlet.mvc.GrailsWebRequestFilter.doFilterInternal(GrailsWebRequestFilter.java:77)
	at org.grails.web.filters.HiddenHttpMethodFilter.doFilterInternal(HiddenHttpMethodFilter.java:67)
	at java.util.concurrent.ThreadPoolExecutor.runWorker(ThreadPoolExecutor.java:1142)
	at java.util.concurrent.ThreadPoolExecutor$Worker.run(ThreadPoolExecutor.java:617)
	at java.lang.Thread.run(Thread.java:745)
ERROR org.apache.catalina.core.ContainerBase.[Tomcat].[localhost].[/].[grailsDispatcherServlet] - Servlet.service() for servlet [grailsDispatcherServlet] in context with path [] threw exception [Request processing failed; nested exception is org.grails.gsp.GroovyPagesException: Error processing GroovyPageView: [views/template/login.gsp:67] [views/template/login.gsp:67] Tag [remoteFunction] does not exist. No tag library found for namespace: g] with root cause
org.grails.taglib.GrailsTagException: [views/template/login.gsp:67] [views/template/login.gsp:67] Tag [remoteFunction] does not exist. No tag library found for namespace: g
	at org.grails.gsp.GroovyPage.throwRootCause(GroovyPage.java:440)
	at org.grails.gsp.GroovyPage.invokeTag(GroovyPage.java:386)
	at home_felipe_Documents_git_use_modelagem_Prototipo_Grails_grails_app_views_template_login_gsp$_run_closure2.doCall(home_felipe_Documents_git_use_modelagem_Prototipo_Grails_grails_app_views_template_login_gsp:37)
	at org.grails.taglib.TagBodyClosure.executeClosure(TagBodyClosure.java:200)
	at org.grails.taglib.TagBodyClosure.captureClosureOutput(TagBodyClosure.java:102)
	at org.grails.taglib.TagBodyClosure.call(TagBodyClosure.java:213)
	at org.grails.plugins.web.taglib.SitemeshTagLib.captureTagContent(SitemeshTagLib.groovy:48)
	at org.grails.plugins.web.taglib.SitemeshTagLib$_closure3.doCall(SitemeshTagLib.groovy:156)
	at org.grails.gsp.GroovyPage.invokeTagLibClosure(GroovyPage.java:417)
	at org.grails.gsp.GroovyPage.invokeTag(GroovyPage.java:335)
	at home_felipe_Documents_git_use_modelagem_Prototipo_Grails_grails_app_views_template_login_gsp.run(home_felipe_Documents_git_use_modelagem_Prototipo_Grails_grails_app_views_template_login_gsp:40)
	at org.grails.gsp.GroovyPageWritable.doWriteTo(GroovyPageWritable.java:162)
	at org.grails.gsp.GroovyPageWritable.writeTo(GroovyPageWritable.java:82)
	at org.grails.web.servlet.view.GroovyPageView.renderTemplate(GroovyPageView.java:76)
	at org.grails.web.servlet.view.AbstractGrailsView.renderWithinGrailsWebRequest(AbstractGrailsView.java:71)
	at org.grails.web.servlet.view.AbstractGrailsView.renderMergedOutputModel(AbstractGrailsView.java:55)
	at org.springframework.web.servlet.view.AbstractView.render(AbstractView.java:303)
	at org.grails.web.sitemesh.GrailsLayoutView.renderInnerView(GrailsLayoutView.java:150)
	at org.grails.web.sitemesh.GrailsLayoutView.obtainContent(GrailsLayoutView.java:128)
	at org.grails.web.sitemesh.GrailsLayoutView.renderTemplate(GrailsLayoutView.java:63)
	at org.grails.web.servlet.view.AbstractGrailsView.renderWithinGrailsWebRequest(AbstractGrailsView.java:71)
	at org.grails.web.servlet.view.AbstractGrailsView.renderMergedOutputModel(AbstractGrailsView.java:55)
	at org.springframework.web.servlet.view.AbstractView.render(AbstractView.java:303)
	at org.springframework.web.servlet.DispatcherServlet.render(DispatcherServlet.java:1257)
	at org.springframework.web.servlet.DispatcherServlet.processDispatchResult(DispatcherServlet.java:1037)
	at org.springframework.web.servlet.DispatcherServlet.doDispatch(DispatcherServlet.java:980)
	at org.springframework.web.servlet.DispatcherServlet.doService(DispatcherServlet.java:897)
	at org.springframework.web.servlet.FrameworkServlet.processRequest(FrameworkServlet.java:970)
	at org.springframework.web.servlet.FrameworkServlet.doGet(FrameworkServlet.java:861)
	at org.springframework.web.servlet.FrameworkServlet.service(FrameworkServlet.java:846)
	at org.springframework.boot.web.filter.ApplicationContextHeaderFilter.doFilterInternal(ApplicationContextHeaderFilter.java:55)
	at org.grails.web.servlet.mvc.GrailsWebRequestFilter.doFilterInternal(GrailsWebRequestFilter.java:77)
	at org.grails.web.filters.HiddenHttpMethodFilter.doFilterInternal(HiddenHttpMethodFilter.java:67)
	at java.util.concurrent.ThreadPoolExecutor.runWorker(ThreadPoolExecutor.java:1142)
	at java.util.concurrent.ThreadPoolExecutor$Worker.run(ThreadPoolExecutor.java:617)
	at java.lang.Thread.run(Thread.java:745)
